<?xml version="1.0" encoding="UTF-8"?>
<testng-results ignored="0" total="1" passed="1" failed="0" skipped="0">
  <reporter-output>
  </reporter-output>
  <suite started-at="2025-01-20T13:04:57 IST" name="Default suite" finished-at="2025-01-20T13:04:58 IST" duration-ms="1509">
    <groups>
    </groups>
    <test started-at="2025-01-20T13:04:57 IST" name="Default test" finished-at="2025-01-20T13:04:58 IST" duration-ms="1509">
      <class name="restAssuredTests.Demo1_GET_Request">
        <test-method signature="getWeatherDetails()[pri:0, instance:restAssuredTests.Demo1_GET_Request@59309333]" started-at="2025-01-20T13:04:57 IST" name="getWeatherDetails" finished-at="2025-01-20T13:04:58 IST" duration-ms="1494" status="PASS">
          <reporter-output>
          </reporter-output>
        </test-method> <!-- getWeatherDetails -->
      </class> <!-- restAssuredTests.Demo1_GET_Request -->
    </test> <!-- Default test -->
  </suite> <!-- Default suite -->
</testng-results>
